<?xml version="1.0" encoding="UTF-8"?>
<testsuite name="com.example.project.TestPoint" tests="3" skipped="0" failures="0" errors="0" timestamp="2025-01-08T13:38:56" hostname="codespaces-231d40" time="0.203">
  <properties/>
  <testcase name="testPointInfo()" classname="com.example.project.TestPoint" time="0.171"/>
  <testcase name="testDistanceTo()" classname="com.example.project.TestPoint" time="0.013"/>
  <testcase name="testConstructor()" classname="com.example.project.TestPoint" time="0.006"/>
  <system-out><![CDATA[]]></system-out>
  <system-err><![CDATA[]]></system-err>
</testsuite>
